This is pdfTeX, Version 3.1415926-2.5-1.40.14 (TeX Live 2013/Debian) (format=pdflatex 2014.2.2)  5 MAR 2014 00:40
entering extended mode
 restricted \write18 enabled.
 %&-line parsing enabled.
**template.tex
(./template.tex
LaTeX2e <2011/06/27>
Babel <3.9f> and hyphenation patterns for 2 languages loaded.
(./acmsiggraph.cls
Document Class: acmsiggraph 2013/12/06 ACM SIGGRAPH class
\ACMpointsize=\skip41
(/usr/share/texlive/texmf-dist/tex/latex/base/article.cls
Document Class: article 2007/10/19 v1.4h Standard LaTeX document class
(/usr/share/texlive/texmf-dist/tex/latex/base/size10.clo
File: size10.clo 2007/10/19 v1.4h Standard LaTeX file (size option)
)
\c@part=\count79
\c@section=\count80
\c@subsection=\count81
\c@subsubsection=\count82
\c@paragraph=\count83
\c@subparagraph=\count84
\c@figure=\count85
\c@table=\count86
\abovecaptionskip=\skip42
\belowcaptionskip=\skip43
\bibindent=\dimen102
)
(/usr/share/texlive/texmf-dist/tex/latex/amsmath/amsmath.sty
Package: amsmath 2013/01/14 v2.14 AMS math features
\@mathmargin=\skip44

For additional information on amsmath, use the `?' option.
(/usr/share/texlive/texmf-dist/tex/latex/amsmath/amstext.sty
Package: amstext 2000/06/29 v2.01

(/usr/share/texlive/texmf-dist/tex/latex/amsmath/amsgen.sty
File: amsgen.sty 1999/11/30 v2.0
\@emptytoks=\toks14
\ex@=\dimen103
))
(/usr/share/texlive/texmf-dist/tex/latex/amsmath/amsbsy.sty
Package: amsbsy 1999/11/29 v1.2d
\pmbraise@=\dimen104
)
(/usr/share/texlive/texmf-dist/tex/latex/amsmath/amsopn.sty
Package: amsopn 1999/12/14 v2.01 operator names
)
\inf@bad=\count87
LaTeX Info: Redefining \frac on input line 210.
\uproot@=\count88
\leftroot@=\count89
LaTeX Info: Redefining \overline on input line 306.
\classnum@=\count90
\DOTSCASE@=\count91
LaTeX Info: Redefining \ldots on input line 378.
LaTeX Info: Redefining \dots on input line 381.
LaTeX Info: Redefining \cdots on input line 466.
\Mathstrutbox@=\box26
\strutbox@=\box27
\big@size=\dimen105
LaTeX Font Info:    Redeclaring font encoding OML on input line 566.
LaTeX Font Info:    Redeclaring font encoding OMS on input line 567.
\macc@depth=\count92
\c@MaxMatrixCols=\count93
\dotsspace@=\muskip10
\c@parentequation=\count94
\dspbrk@lvl=\count95
\tag@help=\toks15
\row@=\count96
\column@=\count97
\maxfields@=\count98
\andhelp@=\toks16
\eqnshift@=\dimen106
\alignsep@=\dimen107
\tagshift@=\dimen108
\tagwidth@=\dimen109
\totwidth@=\dimen110
\lineht@=\dimen111
\@envbody=\toks17
\multlinegap=\skip45
\multlinetaggap=\skip46
\mathdisplay@stack=\toks18
LaTeX Info: Redefining \[ on input line 2665.
LaTeX Info: Redefining \] on input line 2666.
)
(/usr/share/texlive/texmf-dist/tex/latex/lineno/lineno.sty
Package: lineno 2005/11/02 line numbers on paragraphs v4.41
\linenopenalty=\count99
\output=\toks19
\linenoprevgraf=\count100
\linenumbersep=\dimen112
\linenumberwidth=\dimen113
\c@linenumber=\count101
\c@pagewiselinenumber=\count102
\c@LN@truepage=\count103
\c@internallinenumber=\count104
\c@internallinenumbers=\count105
\quotelinenumbersep=\dimen114
\bframerule=\dimen115
\bframesep=\dimen116
\bframebox=\box28
LaTeX Info: Redefining \\ on input line 3056.
)
(/usr/share/texlive/texmf-dist/tex/latex/psnfss/helvet.sty
Package: helvet 2005/04/12 PSNFSS-v9.2a (WaS) 

(/usr/share/texlive/texmf-dist/tex/latex/graphics/keyval.sty
Package: keyval 1999/03/16 v1.13 key=value parser (DPC)
\KV@toks@=\toks20
))
(/usr/share/texlive/texmf-dist/tex/latex/psnfss/times.sty
Package: times 2005/04/12 PSNFSS-v9.2a (SPQR) 
)
(/usr/share/texlive/texmf-dist/tex/latex/graphics/graphicx.sty
Package: graphicx 1999/02/16 v1.0f Enhanced LaTeX Graphics (DPC,SPQR)

(/usr/share/texlive/texmf-dist/tex/latex/graphics/graphics.sty
Package: graphics 2009/02/05 v1.0o Standard LaTeX Graphics (DPC,SPQR)

(/usr/share/texlive/texmf-dist/tex/latex/graphics/trig.sty
Package: trig 1999/03/16 v1.09 sin cos tan (DPC)
)
(/usr/share/texlive/texmf-dist/tex/latex/latexconfig/graphics.cfg
File: graphics.cfg 2010/04/23 v1.9 graphics configuration of TeX Live
)
Package graphics Info: Driver file: pdftex.def on input line 91.

(/usr/share/texlive/texmf-dist/tex/latex/pdftex-def/pdftex.def
File: pdftex.def 2011/05/27 v0.06d Graphics/color for pdfTeX

(/usr/share/texlive/texmf-dist/tex/generic/oberdiek/infwarerr.sty
Package: infwarerr 2010/04/08 v1.3 Providing info/warning/error messages (HO)
)
(/usr/share/texlive/texmf-dist/tex/generic/oberdiek/ltxcmds.sty
Package: ltxcmds 2011/11/09 v1.22 LaTeX kernel commands for general use (HO)
)
\Gread@gobject=\count106
))
\Gin@req@height=\dimen117
\Gin@req@width=\dimen118
)
(/usr/share/texlive/texmf-dist/tex/latex/caption/caption.sty
Package: caption 2013/05/02 v3.3-89 Customizing captions (AR)

(/usr/share/texlive/texmf-dist/tex/latex/caption/caption3.sty
Package: caption3 2013/05/02 v1.6-88 caption3 kernel (AR)
Package caption3 Info: TeX engine: e-TeX on input line 57.
\captionmargin=\dimen119
\captionmargin@=\dimen120
\captionwidth=\dimen121
\caption@tempdima=\dimen122
\caption@indent=\dimen123
\caption@parindent=\dimen124
\caption@hangindent=\dimen125
)
\c@ContinuedFloat=\count107
)
(/usr/share/texlive/texmf-dist/tex/latex/parskip/parskip.sty
Package: parskip 2001/04/09 non-zero parskip adjustments
)
\ACMcopyrightspace=\skip47
\bibhang=\skip48
\titlespace=\skip49
\teaserspace=\skip50
\@ACMabs=\toks21

(/usr/share/texlive/texmf-dist/tex/generic/oberdiek/ifpdf.sty
Package: ifpdf 2011/01/30 v2.3 Provides the ifpdf switch (HO)
Package ifpdf Info: pdfTeX in PDF mode is detected.
)
(/usr/share/texlive/texmf-dist/tex/latex/hyperref/hyperref.sty
Package: hyperref 2012/11/06 v6.83m Hypertext links for LaTeX

(/usr/share/texlive/texmf-dist/tex/generic/oberdiek/hobsub-hyperref.sty
Package: hobsub-hyperref 2012/05/28 v1.13 Bundle oberdiek, subset hyperref (HO)


(/usr/share/texlive/texmf-dist/tex/generic/oberdiek/hobsub-generic.sty
Package: hobsub-generic 2012/05/28 v1.13 Bundle oberdiek, subset generic (HO)
Package: hobsub 2012/05/28 v1.13 Construct package bundles (HO)
Package hobsub Info: Skipping package `infwarerr' (already loaded).
Package hobsub Info: Skipping package `ltxcmds' (already loaded).
Package: ifluatex 2010/03/01 v1.3 Provides the ifluatex switch (HO)
Package ifluatex Info: LuaTeX not detected.
Package: ifvtex 2010/03/01 v1.5 Detect VTeX and its facilities (HO)
Package ifvtex Info: VTeX not detected.
Package: intcalc 2007/09/27 v1.1 Expandable calculations with integers (HO)
Package hobsub Info: Skipping package `ifpdf' (already loaded).
Package: etexcmds 2011/02/16 v1.5 Avoid name clashes with e-TeX commands (HO)
Package etexcmds Info: Could not find \expanded.
(etexcmds)             That can mean that you are not using pdfTeX 1.50 or
(etexcmds)             that some package has redefined \expanded.
(etexcmds)             In the latter case, load this package earlier.
Package: kvsetkeys 2012/04/25 v1.16 Key value parser (HO)
Package: kvdefinekeys 2011/04/07 v1.3 Define keys (HO)
Package: pdftexcmds 2011/11/29 v0.20 Utility functions of pdfTeX for LuaTeX (HO
)
Package pdftexcmds Info: LuaTeX not detected.
Package pdftexcmds Info: \pdf@primitive is available.
Package pdftexcmds Info: \pdf@ifprimitive is available.
Package pdftexcmds Info: \pdfdraftmode found.
Package: pdfescape 2011/11/25 v1.13 Implements pdfTeX's escape features (HO)
Package: bigintcalc 2012/04/08 v1.3 Expandable calculations on big integers (HO
)
Package: bitset 2011/01/30 v1.1 Handle bit-vector datatype (HO)
Package: uniquecounter 2011/01/30 v1.2 Provide unlimited unique counter (HO)
)
Package hobsub Info: Skipping package `hobsub' (already loaded).
Package: letltxmacro 2010/09/02 v1.4 Let assignment for LaTeX macros (HO)
Package: hopatch 2012/05/28 v1.2 Wrapper for package hooks (HO)
Package: xcolor-patch 2011/01/30 xcolor patch
Package: atveryend 2011/06/30 v1.8 Hooks at the very end of document (HO)
Package atveryend Info: \enddocument detected (standard20110627).
Package: atbegshi 2011/10/05 v1.16 At begin shipout hook (HO)
Package: refcount 2011/10/16 v3.4 Data extraction from label references (HO)
Package: hycolor 2011/01/30 v1.7 Color options for hyperref/bookmark (HO)
)
(/usr/share/texlive/texmf-dist/tex/generic/ifxetex/ifxetex.sty
Package: ifxetex 2010/09/12 v0.6 Provides ifxetex conditional
)
(/usr/share/texlive/texmf-dist/tex/latex/oberdiek/auxhook.sty
Package: auxhook 2011/03/04 v1.3 Hooks for auxiliary files (HO)
)
(/usr/share/texlive/texmf-dist/tex/latex/oberdiek/kvoptions.sty
Package: kvoptions 2011/06/30 v3.11 Key value format for package options (HO)
)
\@linkdim=\dimen126
\Hy@linkcounter=\count108
\Hy@pagecounter=\count109

(/usr/share/texlive/texmf-dist/tex/latex/hyperref/pd1enc.def
File: pd1enc.def 2012/11/06 v6.83m Hyperref: PDFDocEncoding definition (HO)
)
\Hy@SavedSpaceFactor=\count110

(/usr/share/texlive/texmf-dist/tex/latex/latexconfig/hyperref.cfg
File: hyperref.cfg 2002/06/06 v1.2 hyperref configuration of TeXLive
)
Package hyperref Info: Option `breaklinks' set `true' on input line 4319.
Package hyperref Info: Option `hyperfootnotes' set `false' on input line 4319.
Package hyperref Info: Option `bookmarks' set `false' on input line 4319.
Package hyperref Info: Hyper figures OFF on input line 4443.
Package hyperref Info: Link nesting OFF on input line 4448.
Package hyperref Info: Hyper index ON on input line 4451.
Package hyperref Info: Plain pages OFF on input line 4458.
Package hyperref Info: Backreferencing OFF on input line 4463.
Package hyperref Info: Implicit mode ON; LaTeX internals redefined.
Package hyperref Info: Bookmarks OFF on input line 4694.
\c@Hy@tempcnt=\count111

(/usr/share/texlive/texmf-dist/tex/latex/url/url.sty
\Urlmuskip=\muskip11
Package: url 2006/04/12  ver 3.3  Verb mode for urls, etc.
)
LaTeX Info: Redefining \url on input line 5041.
\XeTeXLinkMargin=\dimen127
\Fld@menulength=\count112
\Field@Width=\dimen128
\Fld@charsize=\dimen129
Package hyperref Info: Hyper figures OFF on input line 6295.
Package hyperref Info: Link nesting OFF on input line 6300.
Package hyperref Info: Hyper index ON on input line 6303.
Package hyperref Info: backreferencing OFF on input line 6310.
Package hyperref Info: Link coloring OFF on input line 6315.
Package hyperref Info: Link coloring with OCG OFF on input line 6320.
Package hyperref Info: PDF/A mode OFF on input line 6325.
LaTeX Info: Redefining \ref on input line 6365.
LaTeX Info: Redefining \pageref on input line 6369.
\Hy@abspage=\count113
\c@Item=\count114
)

Package hyperref Message: Driver: hpdftex.

(/usr/share/texlive/texmf-dist/tex/latex/hyperref/hpdftex.def
File: hpdftex.def 2012/11/06 v6.83m Hyperref driver for pdfTeX
\Fld@listcount=\count115
\c@bookmark@seq@number=\count116

(/usr/share/texlive/texmf-dist/tex/latex/oberdiek/rerunfilecheck.sty
Package: rerunfilecheck 2011/04/15 v1.7 Rerun checks for auxiliary files (HO)
Package uniquecounter Info: New unique counter `rerunfilecheck' on input line 2
82.
)
\Hy@SectionHShift=\skip51
)
Package hyperref Info: Option `colorlinks' set `true' on input line 505.
Package hyperref Info: Option `breaklinks' set `true' on input line 505.
)
(./template.aux

LaTeX Warning: Label `dba_n_res_table' multiply defined.


LaTeX Warning: Label `dba_w_res_table' multiply defined.

)
\openout1 = `template.aux'.

LaTeX Font Info:    Checking defaults for OML/cmm/m/it on input line 29.
LaTeX Font Info:    ... okay on input line 29.
LaTeX Font Info:    Checking defaults for T1/cmr/m/n on input line 29.
LaTeX Font Info:    ... okay on input line 29.
LaTeX Font Info:    Checking defaults for OT1/cmr/m/n on input line 29.
LaTeX Font Info:    ... okay on input line 29.
LaTeX Font Info:    Checking defaults for OMS/cmsy/m/n on input line 29.
LaTeX Font Info:    ... okay on input line 29.
LaTeX Font Info:    Checking defaults for OMX/cmex/m/n on input line 29.
LaTeX Font Info:    ... okay on input line 29.
LaTeX Font Info:    Checking defaults for U/cmr/m/n on input line 29.
LaTeX Font Info:    ... okay on input line 29.
LaTeX Font Info:    Checking defaults for PD1/pdf/m/n on input line 29.
LaTeX Font Info:    ... okay on input line 29.
LaTeX Font Info:    Try loading font information for OT1+ptm on input line 29.
 (/usr/share/texlive/texmf-dist/tex/latex/psnfss/ot1ptm.fd
File: ot1ptm.fd 2001/06/04 font definitions for OT1/ptm.
)
(/usr/share/texlive/texmf-dist/tex/context/base/supp-pdf.mkii
[Loading MPS to PDF converter (version 2006.09.02).]
\scratchcounter=\count117
\scratchdimen=\dimen130
\scratchbox=\box29
\nofMPsegments=\count118
\nofMParguments=\count119
\everyMPshowfont=\toks22
\MPscratchCnt=\count120
\MPscratchDim=\dimen131
\MPnumerator=\count121
\makeMPintoPDFobject=\count122
\everyMPtoPDFconversion=\toks23
) (/usr/share/texlive/texmf-dist/tex/latex/oberdiek/epstopdf-base.sty
Package: epstopdf-base 2010/02/09 v2.5 Base part for package epstopdf

(/usr/share/texlive/texmf-dist/tex/latex/oberdiek/grfext.sty
Package: grfext 2010/08/19 v1.1 Manage graphics extensions (HO)
)
Package grfext Info: Graphics extension search list:
(grfext)             [.png,.pdf,.jpg,.mps,.jpeg,.jbig2,.jb2,.PNG,.PDF,.JPG,.JPE
G,.JBIG2,.JB2,.eps]
(grfext)             \AppendGraphicsExtensions on input line 452.

(/usr/share/texlive/texmf-dist/tex/latex/latexconfig/epstopdf-sys.cfg
File: epstopdf-sys.cfg 2010/07/13 v1.3 Configuration of (r)epstopdf for TeX Liv
e
))
Package caption Info: Begin \AtBeginDocument code.
Package caption Info: hyperref package is loaded.
Package caption Info: End \AtBeginDocument code.
\AtBeginShipoutBox=\box30

(/usr/share/texlive/texmf-dist/tex/latex/graphics/color.sty
Package: color 2005/11/14 v1.0j Standard LaTeX Color (DPC)

(/usr/share/texlive/texmf-dist/tex/latex/latexconfig/color.cfg
File: color.cfg 2007/01/18 v1.5 color configuration of teTeX/TeXLive
)
Package color Info: Driver file: pdftex.def on input line 130.
)
Package hyperref Info: Link coloring ON on input line 29.

(/usr/share/texlive/texmf-dist/tex/latex/hyperref/nameref.sty
Package: nameref 2012/10/27 v2.43 Cross-referencing by name of section

(/usr/share/texlive/texmf-dist/tex/generic/oberdiek/gettitlestring.sty
Package: gettitlestring 2010/12/03 v1.4 Cleanup title references (HO)
)
\c@section@level=\count123
)
LaTeX Info: Redefining \ref on input line 29.
LaTeX Info: Redefining \pageref on input line 29.
LaTeX Info: Redefining \nameref on input line 29.
LaTeX Font Info:    Try loading font information for OT1+phv on input line 36.

(/usr/share/texlive/texmf-dist/tex/latex/psnfss/ot1phv.fd
File: ot1phv.fd 2001/06/04 scalable font definitions for OT1/phv.
)
LaTeX Font Info:    Font shape `OT1/phv/m/n' will be
(Font)              scaled to size 13.24796pt on input line 36.
LaTeX Font Info:    Font shape `OT1/phv/bx/n' in size <14.4> not available
(Font)              Font shape `OT1/phv/b/n' tried instead on input line 36.
LaTeX Font Info:    Font shape `OT1/phv/b/n' will be
(Font)              scaled to size 13.24796pt on input line 36.
LaTeX Font Info:    Font shape `OT1/phv/m/n' will be
(Font)              scaled to size 11.03998pt on input line 38.
LaTeX Font Info:    Font shape `OT1/phv/bx/n' in size <12> not available
(Font)              Font shape `OT1/phv/b/n' tried instead on input line 38.
LaTeX Font Info:    Font shape `OT1/phv/b/n' will be
(Font)              scaled to size 11.03998pt on input line 38.
LaTeX Font Info:    Font shape `OT1/ptm/bx/n' in size <9> not available
(Font)              Font shape `OT1/ptm/b/n' tried instead on input line 44.

Underfull \hbox (badness 3098) in paragraph at lines 44--48
\OT1/ptm/m/n/9 Graph-ics and Realism---Display Al-go-rithms I.3.7 [Com-puter
 []

LaTeX Font Info:    Font shape `OT1/phv/m/n' will be
(Font)              scaled to size 9.19998pt on input line 65.
LaTeX Font Info:    Font shape `OT1/phv/bx/n' in size <10> not available
(Font)              Font shape `OT1/phv/b/n' tried instead on input line 65.
LaTeX Font Info:    Font shape `OT1/phv/b/n' will be
(Font)              scaled to size 9.19998pt on input line 65.
LaTeX Font Info:    Font shape `OT1/phv/m/n' will be
(Font)              scaled to size 8.27998pt on input line 70.
LaTeX Font Info:    Font shape `OT1/phv/bx/n' in size <9> not available
(Font)              Font shape `OT1/phv/b/n' tried instead on input line 70.
LaTeX Font Info:    Font shape `OT1/phv/b/n' will be
(Font)              scaled to size 8.27998pt on input line 70.
<images/alc_o_50.pdf, id=6, 578.16pt x 433.62pt>
File: images/alc_o_50.pdf Graphic file (type pdf)
 <use images/alc_o_50.pdf>
Package pdftex.def Info: images/alc_o_50.pdf used on input line 90.
(pdftex.def)             Requested size: 202.35622pt x 151.76265pt.

<images/alc_o_80.pdf, id=7, 578.16pt x 433.62pt>
File: images/alc_o_80.pdf Graphic file (type pdf)
 <use images/alc_o_80.pdf>
Package pdftex.def Info: images/alc_o_80.pdf used on input line 95.
(pdftex.def)             Requested size: 202.35622pt x 151.76265pt.


LaTeX Warning: `h' float specifier changed to `ht'.

[1{/var/lib/texmf/fonts/map/pdftex/updmap/pdftex.map}


 <./images/alc_o_50.pdf>]
<images/alc_n_50.pdf, id=71, 578.16pt x 433.62pt>
File: images/alc_n_50.pdf Graphic file (type pdf)
 <use images/alc_n_50.pdf>
Package pdftex.def Info: images/alc_n_50.pdf used on input line 126.
(pdftex.def)             Requested size: 202.35622pt x 151.76265pt.


LaTeX Warning: `h' float specifier changed to `ht'.

<images/alc_nw_80.pdf, id=72, 578.16pt x 433.62pt>
File: images/alc_nw_80.pdf Graphic file (type pdf)
 <use images/alc_nw_80.pdf>
Package pdftex.def Info: images/alc_nw_80.pdf used on input line 153.
(pdftex.def)             Requested size: 202.35622pt x 151.76265pt.

Underfull \vbox (badness 1205) has occurred while \output is active []

 [2 <./images/alc_o_80.pdf> <./images/alc_n_50.pdf

pdfTeX warning: pdflatex (file ./images/alc_n_50.pdf): PDF inclusion: multiple 
pdfs with page group included in a single page
> <./images/alc_nw_80.pdf

pdfTeX warning: pdflatex (file ./images/alc_nw_80.pdf): PDF inclusion: multiple
 pdfs with page group included in a single page
>] <images/dba_w_20.pdf, id=205, 578.16pt x 433.62pt>
File: images/dba_w_20.pdf Graphic file (type pdf)

<use images/dba_w_20.pdf>
Package pdftex.def Info: images/dba_w_20.pdf used on input line 221.
(pdftex.def)             Requested size: 202.35622pt x 151.76265pt.


LaTeX Warning: `h' float specifier changed to `ht'.

<images/pi_o_80.pdf, id=207, 578.16pt x 433.62pt>
File: images/pi_o_80.pdf Graphic file (type pdf)
 <use images/pi_o_80.pdf>
Package pdftex.def Info: images/pi_o_80.pdf used on input line 253.
(pdftex.def)             Requested size: 202.35622pt x 151.76265pt.


LaTeX Warning: `h' float specifier changed to `ht'.

<images/pi_w_50.pdf, id=208, 578.16pt x 433.62pt>
File: images/pi_w_50.pdf Graphic file (type pdf)
 <use images/pi_w_50.pdf>
Package pdftex.def Info: images/pi_w_50.pdf used on input line 279.
(pdftex.def)             Requested size: 202.35622pt x 151.76265pt.

[3 <./images/dba_w_20.pdf>] (./template.bbl) [4 <./images/pi_o_80.pdf> <./image
s/pi_w_50.pdf

pdfTeX warning: pdflatex (file ./images/pi_w_50.pdf): PDF inclusion: multiple p
dfs with page group included in a single page
>] <images/alc_o_20.pdf, id=360, 578.16pt x 433.62pt>
File: images/alc_o_20.pdf Graphic file (type pdf)

<use images/alc_o_20.pdf>
Package pdftex.def Info: images/alc_o_20.pdf used on input line 307.
(pdftex.def)             Requested size: 202.35622pt x 151.76265pt.
 <images/alc_o_100.pdf, id=361, 578.16pt x 433.62pt>
File: images/alc_o_100.pdf Graphic file (type pdf)

<use images/alc_o_100.pdf>
Package pdftex.def Info: images/alc_o_100.pdf used on input line 313.
(pdftex.def)             Requested size: 202.35622pt x 151.76265pt.
 <images/alc_n_20.pdf, id=362, 578.16pt x 433.62pt>
File: images/alc_n_20.pdf Graphic file (type pdf)

<use images/alc_n_20.pdf>
Package pdftex.def Info: images/alc_n_20.pdf used on input line 319.
(pdftex.def)             Requested size: 202.35622pt x 151.76265pt.


LaTeX Warning: `h' float specifier changed to `ht'.

<images/alc_n_80.pdf, id=363, 578.16pt x 433.62pt>
File: images/alc_n_80.pdf Graphic file (type pdf)
 <use images/alc_n_80.pdf>
Package pdftex.def Info: images/alc_n_80.pdf used on input line 325.
(pdftex.def)             Requested size: 202.35622pt x 151.76265pt.


LaTeX Warning: `h' float specifier changed to `ht'.

<images/alc_n_100.pdf, id=364, 578.16pt x 433.62pt>
File: images/alc_n_100.pdf Graphic file (type pdf)
 <use images/alc_n_100.pdf>
Package pdftex.def Info: images/alc_n_100.pdf used on input line 331.
(pdftex.def)             Requested size: 202.35622pt x 151.76265pt.


LaTeX Warning: `h' float specifier changed to `ht'.

<images/alc_nw_20.pdf, id=365, 578.16pt x 433.62pt>
File: images/alc_nw_20.pdf Graphic file (type pdf)
 <use images/alc_nw_20.pdf>
Package pdftex.def Info: images/alc_nw_20.pdf used on input line 337.
(pdftex.def)             Requested size: 202.35622pt x 151.76265pt.


LaTeX Warning: `h' float specifier changed to `ht'.

<images/alc_nw_50.pdf, id=366, 578.16pt x 433.62pt>
File: images/alc_nw_50.pdf Graphic file (type pdf)
 <use images/alc_nw_50.pdf>
Package pdftex.def Info: images/alc_nw_50.pdf used on input line 343.
(pdftex.def)             Requested size: 202.35622pt x 151.76265pt.


LaTeX Warning: `h' float specifier changed to `ht'.

<images/alc_nw_100.pdf, id=367, 578.16pt x 433.62pt>
File: images/alc_nw_100.pdf Graphic file (type pdf)

<use images/alc_nw_100.pdf>
Package pdftex.def Info: images/alc_nw_100.pdf used on input line 349.
(pdftex.def)             Requested size: 202.35622pt x 151.76265pt.


LaTeX Warning: `h' float specifier changed to `ht'.

<images/alc_w_20.pdf, id=368, 578.16pt x 433.62pt>
File: images/alc_w_20.pdf Graphic file (type pdf)
 <use images/alc_w_20.pdf>
Package pdftex.def Info: images/alc_w_20.pdf used on input line 354.
(pdftex.def)             Requested size: 202.35622pt x 151.76265pt.


LaTeX Warning: `h' float specifier changed to `ht'.

<images/alc_w_50.pdf, id=369, 578.16pt x 433.62pt>
File: images/alc_w_50.pdf Graphic file (type pdf)
 <use images/alc_w_50.pdf>
Package pdftex.def Info: images/alc_w_50.pdf used on input line 359.
(pdftex.def)             Requested size: 202.35622pt x 151.76265pt.


LaTeX Warning: `h' float specifier changed to `ht'.

<images/alc_w_80.pdf, id=370, 578.16pt x 433.62pt>
File: images/alc_w_80.pdf Graphic file (type pdf)
 <use images/alc_w_80.pdf>
Package pdftex.def Info: images/alc_w_80.pdf used on input line 364.
(pdftex.def)             Requested size: 202.35622pt x 151.76265pt.


LaTeX Warning: `h' float specifier changed to `ht'.

<images/alc_w_100.pdf, id=371, 578.16pt x 433.62pt>
File: images/alc_w_100.pdf Graphic file (type pdf)
 <use images/alc_w_100.pdf>
Package pdftex.def Info: images/alc_w_100.pdf used on input line 369.
(pdftex.def)             Requested size: 202.35622pt x 151.76265pt.
Package atveryend Info: Empty hook `BeforeClearDocument' on input line 372.

[5

 <./images/alc_o_20.pdf> <./images/alc_o_100.pdf

pdfTeX warning: pdflatex (file ./images/alc_o_100.pdf): PDF inclusion: multiple
 pdfs with page group included in a single page
> <./images/alc_n_20.pdf

pdfTeX warning: pdflatex (file ./images/alc_n_20.pdf): PDF inclusion: multiple 
pdfs with page group included in a single page
> <./images/alc_n_80.pdf

pdfTeX warning: pdflatex (file ./images/alc_n_80.pdf): PDF inclusion: multiple 
pdfs with page group included in a single page
> <./images/alc_n_100.pdf

pdfTeX warning: pdflatex (file ./images/alc_n_100.pdf): PDF inclusion: multiple
 pdfs with page group included in a single page
>] [6 <./images/alc_nw_20.pdf> <./images/alc_nw_50.pdf

pdfTeX warning: pdflatex (file ./images/alc_nw_50.pdf): PDF inclusion: multiple
 pdfs with page group included in a single page
> <./images/alc_nw_100.pdf

pdfTeX warning: pdflatex (file ./images/alc_nw_100.pdf): PDF inclusion: multipl
e pdfs with page group included in a single page
> <./images/alc_w_20.pdf

pdfTeX warning: pdflatex (file ./images/alc_w_20.pdf): PDF inclusion: multiple 
pdfs with page group included in a single page
> <./images/alc_w_50.pdf

pdfTeX warning: pdflatex (file ./images/alc_w_50.pdf): PDF inclusion: multiple 
pdfs with page group included in a single page
> <./images/alc_w_80.pdf

pdfTeX warning: pdflatex (file ./images/alc_w_80.pdf): PDF inclusion: multiple 
pdfs with page group included in a single page
>] [7

 <./images/alc_w_100.pdf>]
Package atveryend Info: Empty hook `AfterLastShipout' on input line 372.
 (./template.aux)
Package atveryend Info: Executing hook `AtVeryEndDocument' on input line 372.
Package atveryend Info: Empty hook `AtEndAfterFileList' on input line 372.


LaTeX Warning: There were multiply-defined labels.

Package atveryend Info: Empty hook `AtVeryVeryEnd' on input line 372.
 ) 
Here is how much of TeX's memory you used:
 7263 strings out of 495031
 110163 string characters out of 6181532
 197713 words of memory out of 5000000
 10308 multiletter control sequences out of 15000+600000
 28277 words of font info for 56 fonts, out of 8000000 for 9000
 14 hyphenation exceptions out of 8191
 43i,15n,40p,1079b,331s stack positions out of 5000i,500n,10000p,200000b,80000s
pdfTeX warning (dest): name{figure.caption.15} has been referenced but does n
ot exist, replaced by a fixed one

{/usr/share/texlive/texmf-dist/fonts/enc/dvips/base/8r.enc}</usr/share/texlive/
texmf-dist/fonts/type1/public/amsfonts/cm/cmsy6.pfb></usr/share/texlive/texmf-d
ist/fonts/type1/public/amsfonts/cm/cmsy7.pfb></usr/share/texlive/texmf-dist/fon
ts/type1/urw/helvetic/uhvb8a.pfb></usr/share/texlive/texmf-dist/fonts/type1/urw
/times/utmb8a.pfb></usr/share/texlive/texmf-dist/fonts/type1/urw/times/utmr8a.p
fb></usr/share/texlive/texmf-dist/fonts/type1/urw/times/utmri8a.pfb>
Output written on template.pdf (7 pages, 279373 bytes).
PDF statistics:
 891 PDF objects out of 1000 (max. 8388607)
 227 compressed objects within 3 object streams
 64 named destinations out of 1000 (max. 500000)
 96 words of extra memory for PDF output out of 10000 (max. 10000000)

